<?xml version="1.0" encoding="UTF-8"?>
<!-- Generated by org.testng.reporters.JUnitReportReporter -->
<testsuite hostname="DESKTOP-55NR91J" failures="0" tests="2" name="Practice.Selenium_Advance" time="0.023" errors="0" timestamp="2022-01-14T20:10:16 IST" skipped="0">
  <testcase classname="Practice.Selenium_Advance" name="test2" time="0.011"/>
  <system-out/>
  <testcase classname="Practice.Selenium_Advance" name="test1" time="0.012"/>
  <system-out/>
</testsuite> <!-- Practice.Selenium_Advance -->
