<?xml version="1.0" encoding="UTF-8"?>
<!-- Generated by org.testng.reporters.JUnitReportReporter -->
<testsuite hostname="DESKTOP-55NR91J" failures="0" tests="1" name="Practice.SoftAssertion__demo" time="0.015" errors="0" timestamp="2021-12-29T22:28:22 IST" skipped="0">
  <testcase classname="Practice.SoftAssertion__demo" name="Test" time="0.015"/>
  <system-out/>
</testsuite> <!-- Practice.SoftAssertion__demo -->
