<?xml version="1.0" encoding="UTF-8"?>
<!-- Generated by org.testng.reporters.JUnitReportReporter -->
<testsuite hostname="DESKTOP-55NR91J" failures="0" tests="2" name="Practice.DataProvider__demo" time="0.011" errors="0" timestamp="2022-01-15T16:25:11 IST" skipped="0">
  <testcase classname="Practice.DataProvider__demo" name="Test2" time="0.003"/>
  <system-out/>
  <testcase classname="Practice.DataProvider__demo" name="Test2" time="0.008"/>
  <system-out/>
</testsuite> <!-- Practice.DataProvider__demo -->
