<?xml version="1.0" encoding="UTF-8"?>
<!-- Generated by org.testng.reporters.JUnitReportReporter -->
<testsuite hostname="DESKTOP-55NR91J" failures="0" tests="3" name="Practice.BeforeGroups__demo" time="0.020" errors="0" timestamp="2021-12-29T23:02:15 IST" skipped="0">
  <testcase classname="Practice.BeforeGroups__demo" name="Test2" time="0.005"/>
  <system-out/>
  <testcase classname="Practice.BeforeGroups__demo" name="Test3" time="0.006"/>
  <system-out/>
  <testcase classname="Practice.BeforeGroups__demo" name="Test1" time="0.009"/>
  <system-out/>
</testsuite> <!-- Practice.BeforeGroups__demo -->
