<?xml version="1.0" encoding="UTF-8"?>
<!-- Generated by org.testng.reporters.JUnitReportReporter -->
<testsuite hostname="DESKTOP-55NR91J" failures="0" tests="2" name="Practice.GroupTest__demo" time="0.009" errors="0" timestamp="2021-12-29T23:02:01 IST" skipped="0">
  <testcase classname="Practice.GroupTest__demo" name="Test1" time="0.006"/>
  <system-out/>
  <testcase classname="Practice.GroupTest__demo" name="Test3" time="0.003"/>
  <system-out/>
</testsuite> <!-- Practice.GroupTest__demo -->
