<?xml version="1.0" encoding="UTF-8"?>
<!-- Generated by org.testng.reporters.JUnitReportReporter -->
<testsuite hostname="DESKTOP-55NR91J" failures="0" tests="1" name="Practice.Assertions__demo" time="4.949" errors="0" timestamp="2021-12-29T21:56:19 IST" skipped="0">
  <testcase classname="Practice.Assertions__demo" name="Test" time="4.949"/>
  <system-out/>
</testsuite> <!-- Practice.Assertions__demo -->
