<?xml version="1.0" encoding="UTF-8"?>
<!-- Generated by org.testng.reporters.JUnitReportReporter -->
<testsuite hostname="DESKTOP-55NR91J" failures="0" tests="2" name="Practice.Annotations__demo" time="0.009" errors="0" timestamp="2021-12-29T22:57:02 IST" skipped="0">
  <testcase classname="Practice.Annotations__demo" name="Test1" time="0.007"/>
  <system-out/>
  <testcase classname="Practice.Annotations__demo" name="Test2" time="0.002"/>
  <system-out/>
</testsuite> <!-- Practice.Annotations__demo -->
