<?xml version="1.0" encoding="UTF-8"?>
<!-- Generated by org.testng.reporters.JUnitReportReporter -->
<testsuite hostname="DESKTOP-55NR91J" failures="0" tests="1" name="Practice.Assertion" time="0.006" errors="0" timestamp="2021-12-29T21:38:53 IST" skipped="0">
  <testcase classname="Practice.Assertion" name="Test1" time="0.006"/>
  <system-out/>
</testsuite> <!-- Practice.Assertion -->
