<?xml version="1.0" encoding="UTF-8"?>
<!-- Generated by org.testng.reporters.JUnitReportReporter -->
<testsuite hostname="DESKTOP-55NR91J" failures="0" tests="2" name="Practice.SkipTest" time="0.014" errors="0" timestamp="2021-12-29T22:43:38 IST" skipped="1">
  <testcase classname="Practice.SkipTest" name="Test2" time="0.014"/>
  <system-out/>
  <testcase classname="Practice.SkipTest" name="Test">
    <skipped/>
  </testcase> <!-- Test -->
  <system-out/>
</testsuite> <!-- Practice.SkipTest -->
